<?xml version="1.0" encoding="UTF-8"?>
<!-- Generated by org.testng.reporters.JUnitReportReporter -->
<testsuite hostname="PC177" failures="0" tests="2" name="Test_Fax_NumberCountrywithArea.Unitedstate003" time="12.289" errors="0" timestamp="2022-12-30T15:02:38 IST" skipped="0">
  <testcase classname="Test_Fax_NumberCountrywithArea.Unitedstate003" name="FAXnumberAlabama" time="7.953"/>
  <system-out>
    <![CDATA[ Field of FAx Number check Box Of Alabama ]]>
  </system-out>
  <testcase classname="Test_Fax_NumberCountrywithArea.Unitedstate003" name="NamefArea" time="4.336"/>
  <system-out>
    <![CDATA[ Field of FAx Number check Box Of Dalware 
  Number of Area Available  : 48
  Name  of Area Available  : Alabama
  Name  of Area Available  : Alaska
  Name  of Area Available  : Arizona
  Name  of Area Available  : Arkansas
  Name  of Area Available  : California
  Name  of Area Available  : Colorado
  Name  of Area Available  : Connecticut
  Name  of Area Available  : Delaware
  Name  of Area Available  : Florida
  Name  of Area Available  : Georgia
  Name  of Area Available  : Hawaii
  Name  of Area Available  : Idaho
  Name  of Area Available  : Illinois
  Name  of Area Available  : Indiana
  Name  of Area Available  : Iowa
  Name  of Area Available  : Kansas
  Name  of Area Available  : Kentucky
  Name  of Area Available  : Louisiana
  Name  of Area Available  : Maine
  Name  of Area Available  : Maryland
  Name  of Area Available  : Massachusetts
  Name  of Area Available  : Michigan
  Name  of Area Available  : Minnesota
  Name  of Area Available  : Mississippi
  Name  of Area Available  : Missouri
  Name  of Area Available  : Nebraska
  Name  of Area Available  : Nevada
  Name  of Area Available  : New Hampshire
  Name  of Area Available  : New Jersey
  Name  of Area Available  : New Mexico
  Name  of Area Available  : New York
  Name  of Area Available  : North Carolina
  Name  of Area Available  : North Dakota
  Name  of Area Available  : Ohio
  Name  of Area Available  : Oklahoma
  Name  of Area Available  : Oregon
  Name  of Area Available  : Pennsylvania
  Name  of Area Available  : Rhode Island
  Name  of Area Available  : South Carolina
  Name  of Area Available  : South Dakota
  Name  of Area Available  : Tennessee
  Name  of Area Available  : Texas
  Name  of Area Available  : Utah
  Name  of Area Available  : Virginia
  Name  of Area Available  : Washington
  Name  of Area Available  : West Virginia
  Name  of Area Available  : Wisconsin
  Name  of Area Available  : Wyoming]]>
  </system-out>
</testsuite> <!-- Test_Fax_NumberCountrywithArea.Unitedstate003 -->
