<?xml version="1.0" encoding="UTF-8"?>
<!-- Generated by org.testng.reporters.JUnitReportReporter -->
<testsuite hostname="PC177" failures="0" tests="2" name="Test_Fax_NumberCountrywithArea.Unitedstate004" time="17.885" errors="0" timestamp="2022-12-23T17:56:05 IST" skipped="0">
  <testcase classname="Test_Fax_NumberCountrywithArea.Unitedstate004" name="FAXnumberAlabama" time="7.963"/>
  <system-out>
    <![CDATA[ Field of FAx Number check Box Of Alabama ]]>
  </system-out>
  <testcase classname="Test_Fax_NumberCountrywithArea.Unitedstate004" name="Area_01" time="9.922"/>
  <system-out>
    <![CDATA[ Field of FAx Number check Box Of Dalware 
checkBox is cotaining More Than 1 field of FAx Number ]]>
  </system-out>
</testsuite> <!-- Test_Fax_NumberCountrywithArea.Unitedstate004 -->
