<?xml version="1.0" encoding="UTF-8"?>
<!-- Generated by org.testng.reporters.JUnitReportReporter -->
<testsuite hostname="PC177" failures="0" tests="9" name="Test_Fax_NumberCountrywithArea.UnitedState002" time="121.057" errors="0" timestamp="2022-12-30T15:02:38 IST" skipped="1">
  <testcase classname="Test_Fax_NumberCountrywithArea.UnitedState002" name="FAXnumberNewJersey" time="15.524"/>
  <system-out>
    <![CDATA[ Field of FAx Number check Box Of New Jersey 
checkBox is cotaining More Than 1 field of FAx Number ]]>
  </system-out>
  <testcase classname="Test_Fax_NumberCountrywithArea.UnitedState002" name="FAXnumberNewYork" time="15.812"/>
  <system-out>
    <![CDATA[ Field of FAx Number check Box Of New York 
checkBox is cotaining More Than 1 field of FAx Number ]]>
  </system-out>
  <testcase classname="Test_Fax_NumberCountrywithArea.UnitedState002" name="FAXnumbernorthCarolina" time="14.771"/>
  <system-out>
    <![CDATA[ Field of FAx Number check Box Of North Carolina 
checkBox is cotaining More Than 1 field of FAx Number ]]>
  </system-out>
  <testcase classname="Test_Fax_NumberCountrywithArea.UnitedState002" name="FAXnumberOhio" time="14.798"/>
  <system-out>
    <![CDATA[ Field of FAx Number check Box Of Ohio 
checkBox is cotaining More Than 1 field of FAx Number ]]>
  </system-out>
  <testcase classname="Test_Fax_NumberCountrywithArea.UnitedState002" name="FAXnumberOregon" time="14.757"/>
  <system-out>
    <![CDATA[ Field of FAx Number check Box Of Oregon 
checkBox is cotaining More Than 1 field of FAx Number ]]>
  </system-out>
  <testcase classname="Test_Fax_NumberCountrywithArea.UnitedState002" name="FAXnumberVirginia" time="14.763"/>
  <system-out>
    <![CDATA[ Field of FAx Number check Box Of Virginia 
checkBox is cotaining More Than 1 field of FAx Number ]]>
  </system-out>
  <testcase classname="Test_Fax_NumberCountrywithArea.UnitedState002" name="FAXnumberWisconsin" time="14.810"/>
  <system-out>
    <![CDATA[ Field of FAx Number check Box Of Wisconsin 
checkBox is cotaining More Than 1 field of FAx Number ]]>
  </system-out>
  <testcase classname="Test_Fax_NumberCountrywithArea.UnitedState002" name="FAXnumberSouthDakota" time="15.822"/>
  <system-out>
    <![CDATA[ Field of FAx Number check Box Of South Dakota 
checkBox is cotaining Only 1 field of FAx Number ]]>
  </system-out>
  <testcase classname="Test_Fax_NumberCountrywithArea.UnitedState002" name="FAXnumberTexas">
    <skipped/>
  </testcase> <!-- FAXnumberTexas -->
  <system-out/>
</testsuite> <!-- Test_Fax_NumberCountrywithArea.UnitedState002 -->
