<?xml version="1.0" encoding="UTF-8"?>
<!-- Generated by org.testng.reporters.JUnitReportReporter -->
<testsuite hostname="PC177" failures="0" tests="9" name="TestTemplet.Test_Fax_Templet_B" time="17.805" errors="0" timestamp="2023-01-02T11:57:22 IST" skipped="0">
  <testcase classname="TestTemplet.Test_Fax_Templet_B" name="Templet_B_SelectCountry" time="3.291"/>
  <system-out/>
  <testcase classname="TestTemplet.Test_Fax_Templet_B" name="To_TEXTB" time="1.807"/>
  <system-out>
    <![CDATA[Form Control Name is clickable and Displayed ]]>
  </system-out>
  <testcase classname="TestTemplet.Test_Fax_Templet_B" name="FormFax_TextB" time="1.902"/>
  <system-out/>
  <testcase classname="TestTemplet.Test_Fax_Templet_B" name="Subject_TextB" time="2.142"/>
  <system-out/>
  <testcase classname="TestTemplet.Test_Fax_Templet_B" name="Urgent_chechBoxB" time="1.598"/>
  <system-out/>
  <testcase classname="TestTemplet.Test_Fax_Templet_B" name="PeaseReply_chechBoxB" time="1.595"/>
  <system-out/>
  <testcase classname="TestTemplet.Test_Fax_Templet_B" name="ForReview_chechBoxB" time="1.603"/>
  <system-out/>
  <testcase classname="TestTemplet.Test_Fax_Templet_B" name="please_Comment_chechBoxB" time="1.585"/>
  <system-out/>
  <testcase classname="TestTemplet.Test_Fax_Templet_B" name="Comment_ON_FAX" time="2.282"/>
  <system-out/>
</testsuite> <!-- TestTemplet.Test_Fax_Templet_B -->
