<?xml version="1.0" encoding="UTF-8"?>
<!-- Generated by org.testng.reporters.JUnitReportReporter -->
<testsuite hostname="PC177" failures="0" tests="1" name="Scenarios.Basicplan" time="13.150" errors="0" timestamp="2022-12-29T18:15:45 IST" skipped="0">
  <testcase classname="Scenarios.Basicplan" name="freelogin" time="13.150"/>
  <system-out/>
</testsuite> <!-- Scenarios.Basicplan -->
