<?xml version="1.0" encoding="UTF-8"?>
<!-- Generated by org.testng.reporters.JUnitReportReporter -->
<testsuite hostname="PC177" failures="0" tests="3" name="TestSetting.TestSetting_001" time="32.986" errors="0" timestamp="2023-01-02T11:38:47 IST" skipped="0">
  <testcase classname="TestSetting.TestSetting_001" name="browserclosed" time="2.041"/>
  <system-out/>
  <testcase classname="TestSetting.TestSetting_001" name="testsetting" time="14.590"/>
  <system-out/>
  <testcase classname="TestSetting.TestSetting_001" name="yourfaxpage" time="16.355"/>
  <system-out/>
</testsuite> <!-- TestSetting.TestSetting_001 -->
