<?xml version="1.0" encoding="UTF-8"?>
<!-- Generated by org.testng.reporters.JUnitReportReporter -->
<testsuite hostname="PC177" failures="0" tests="1" name="TestTemplet.LoginPageTest" time="15.108" errors="0" timestamp="2022-12-30T14:52:42 IST" skipped="0">
  <testcase classname="TestTemplet.LoginPageTest" name="l" time="15.108"/>
  <system-out/>
</testsuite> <!-- TestTemplet.LoginPageTest -->
