<?xml version="1.0" encoding="UTF-8"?>
<!-- Generated by org.testng.reporters.JUnitReportReporter -->
<testsuite hostname="PC177" failures="0" tests="1" name="TestUpgrade.TestUpgrade_001" time="10.732" errors="0" timestamp="2022-12-30T14:52:42 IST" skipped="0">
  <testcase classname="TestUpgrade.TestUpgrade_001" name="test" time="10.732"/>
  <system-out/>
</testsuite> <!-- TestUpgrade.TestUpgrade_001 -->
