<?xml version="1.0" encoding="UTF-8"?>
<!-- Generated by org.testng.reporters.JUnitReportReporter -->
<testsuite hostname="PC177" failures="0" tests="9" name="TestTemplet.Test_Fax_Templet_C" time="17.594" errors="0" timestamp="2023-01-02T11:55:38 IST" skipped="0">
  <testcase classname="TestTemplet.Test_Fax_Templet_C" name="Templet_C_SelectCountry" time="3.025"/>
  <system-out/>
  <testcase classname="TestTemplet.Test_Fax_Templet_C" name="To_TEXTC" time="1.851"/>
  <system-out>
    <![CDATA[Form Control Name is clickable and Displayed ]]>
  </system-out>
  <testcase classname="TestTemplet.Test_Fax_Templet_C" name="FormFax_TextC" time="1.931"/>
  <system-out/>
  <testcase classname="TestTemplet.Test_Fax_Templet_C" name="Subject_TextC" time="2.142"/>
  <system-out/>
  <testcase classname="TestTemplet.Test_Fax_Templet_C" name="Urgent_chechBoxC" time="1.599"/>
  <system-out/>
  <testcase classname="TestTemplet.Test_Fax_Templet_C" name="PeaseReply_chechBoxC" time="1.598"/>
  <system-out/>
  <testcase classname="TestTemplet.Test_Fax_Templet_C" name="ForReview_chechBoxC" time="1.601"/>
  <system-out/>
  <testcase classname="TestTemplet.Test_Fax_Templet_C" name="please_Comment_chechBoxC" time="1.579"/>
  <system-out/>
  <testcase classname="TestTemplet.Test_Fax_Templet_C" name="Comment_ON_FAX" time="2.268"/>
  <system-out/>
</testsuite> <!-- TestTemplet.Test_Fax_Templet_C -->
