<?xml version="1.0" encoding="UTF-8"?>
<!-- Generated by org.testng.reporters.JUnitReportReporter -->
<testsuite hostname="PC177" failures="0" tests="2" name="Scenarios.SendFaxWithoutCover" time="32.027" errors="0" timestamp="2022-12-29T18:15:45 IST" skipped="0">
  <testcase classname="Scenarios.SendFaxWithoutCover" name="withoutcover" time="23.805"/>
  <system-out/>
  <testcase classname="Scenarios.SendFaxWithoutCover" name="FaxnuberMessage" time="8.222"/>
  <system-out/>
</testsuite> <!-- Scenarios.SendFaxWithoutCover -->
