<?xml version="1.0" encoding="UTF-8"?>
<!-- Generated by org.testng.reporters.JUnitReportReporter -->
<testsuite hostname="PC177" failures="0" tests="1" name="TestReports.TestReport_001" time="10.780" errors="0" timestamp="2022-12-30T14:52:42 IST" skipped="0">
  <testcase classname="TestReports.TestReport_001" name="test" time="10.780"/>
  <system-out/>
</testsuite> <!-- TestReports.TestReport_001 -->
