<?xml version="1.0" encoding="UTF-8"?>
<!-- Generated by org.testng.reporters.JUnitReportReporter -->
<testsuite hostname="PC177" failures="1" tests="13" name="Test_Fax_NumberCountrywithArea.UnitedState001" time="192.274" errors="0" timestamp="2022-12-15T09:48:32 IST" skipped="0">
  <testcase classname="Test_Fax_NumberCountrywithArea.UnitedState001" name="FAXnumberCalifornia" time="13.862"/>
  <system-out>
    <![CDATA[ Field of FAx Number check Box Of California 
checkBox is cotaining More Than 1 field of FAx Number ]]>
  </system-out>
  <testcase classname="Test_Fax_NumberCountrywithArea.UnitedState001" name="FAXnumberNewHampshire" time="17.827"/>
  <system-out>
    <![CDATA[ Field of FAx Number check Box Of New Hampshire 
checkBox is cotaining More Than 1 field of FAx Number ]]>
  </system-out>
  <testcase classname="Test_Fax_NumberCountrywithArea.UnitedState001" name="FAXnumberArizona" time="12.788">
    <failure message="expected [true] but found [false]" type="java.lang.AssertionError">
      <![CDATA[java.lang.AssertionError: expected [true] but found [false]
at org.testng.Assert.fail(Assert.java:110)
at org.testng.Assert.failNotEquals(Assert.java:1413)
at org.testng.Assert.assertEqualsImpl(Assert.java:149)
at org.testng.Assert.assertEquals(Assert.java:131)
at org.testng.Assert.assertEquals(Assert.java:976)
at org.testng.Assert.assertEquals(Assert.java:1010)
at Test_Fax_NumberCountrywithArea.UnitedState001.FAXnumberArizona(UnitedState001.java:138)
at java.base/jdk.internal.reflect.DirectMethodHandleAccessor.invoke(DirectMethodHandleAccessor.java:104)
at java.base/java.lang.reflect.Method.invoke(Method.java:578)
at org.testng.internal.invokers.MethodInvocationHelper.invokeMethod(MethodInvocationHelper.java:139)
at org.testng.internal.invokers.TestInvoker.invokeMethod(TestInvoker.java:677)
at org.testng.internal.invokers.TestInvoker.invokeTestMethod(TestInvoker.java:221)
at org.testng.internal.invokers.MethodRunner.runInSequence(MethodRunner.java:50)
at org.testng.internal.invokers.TestInvoker$MethodInvocationAgent.invoke(TestInvoker.java:962)
at org.testng.internal.invokers.TestInvoker.invokeTestMethods(TestInvoker.java:194)
at org.testng.internal.invokers.TestMethodWorker.invokeTestMethods(TestMethodWorker.java:148)
at org.testng.internal.invokers.TestMethodWorker.run(TestMethodWorker.java:128)
at java.base/java.util.ArrayList.forEach(ArrayList.java:1511)
at org.testng.TestRunner.privateRun(TestRunner.java:806)
at org.testng.TestRunner.run(TestRunner.java:601)
at org.testng.SuiteRunner.runTest(SuiteRunner.java:433)
at org.testng.SuiteRunner.runSequentially(SuiteRunner.java:427)
at org.testng.SuiteRunner.privateRun(SuiteRunner.java:387)
at org.testng.SuiteRunner.run(SuiteRunner.java:330)
at org.testng.SuiteRunnerWorker.runSuite(SuiteRunnerWorker.java:52)
at org.testng.SuiteRunnerWorker.run(SuiteRunnerWorker.java:95)
at org.testng.TestNG.runSuitesSequentially(TestNG.java:1256)
at org.testng.TestNG.runSuitesLocally(TestNG.java:1176)
at org.testng.TestNG.runSuites(TestNG.java:1099)
at org.testng.TestNG.run(TestNG.java:1067)
at org.testng.remote.AbstractRemoteTestNG.run(AbstractRemoteTestNG.java:115)
at org.testng.remote.RemoteTestNG.initAndRun(RemoteTestNG.java:251)
at org.testng.remote.RemoteTestNG.main(RemoteTestNG.java:77)
]]>
    </failure>
  </testcase> <!-- FAXnumberArizona -->
  <system-out>
    <![CDATA[ Field of FAx Number check Box Of Arizona 
checkBox is cotaining Only 1 field of FAx Number ]]>
  </system-out>
  <testcase classname="Test_Fax_NumberCountrywithArea.UnitedState001" name="FAXnumberArkansas" time="14.767"/>
  <system-out>
    <![CDATA[ Field of FAx Number check Box Of Arkansas 
checkBox is cotaining More Than 1 field of FAx Number ]]>
  </system-out>
  <testcase classname="Test_Fax_NumberCountrywithArea.UnitedState001" name="FAXnumberColorado" time="14.754"/>
  <system-out>
    <![CDATA[ Field of FAx Number check Box Of Colorado 
checkBox is cotaining More Than 1 field of FAx Number ]]>
  </system-out>
  <testcase classname="Test_Fax_NumberCountrywithArea.UnitedState001" name="FAXnumberConnecticut" time="14.743"/>
  <system-out>
    <![CDATA[ Field of FAx Number check Box Of Connecticut 
checkBox is cotaining More Than 1 field of FAx Number ]]>
  </system-out>
  <testcase classname="Test_Fax_NumberCountrywithArea.UnitedState001" name="FAXnumberFlorida" time="14.747"/>
  <system-out>
    <![CDATA[ Field of FAx Number check Box Of Florida 
checkBox is cotaining More Than 1 field of FAx Number ]]>
  </system-out>
  <testcase classname="Test_Fax_NumberCountrywithArea.UnitedState001" name="FAXnumberGeorgia" time="14.779"/>
  <system-out>
    <![CDATA[ Field of FAx Number check Box Of Georgia 
checkBox is cotaining More Than 1 field of FAx Number ]]>
  </system-out>
  <testcase classname="Test_Fax_NumberCountrywithArea.UnitedState001" name="FAXnumberIllinois" time="14.818"/>
  <system-out>
    <![CDATA[ Field of FAx Number check Box Of Illinois 
checkBox is cotaining More Than 1 field of FAx Number ]]>
  </system-out>
  <testcase classname="Test_Fax_NumberCountrywithArea.UnitedState001" name="FAXnumberLouisiana" time="14.765"/>
  <system-out>
    <![CDATA[ Field of FAx Number check Box Of Louisiana 
checkBox is cotaining More Than 1 field of FAx Number ]]>
  </system-out>
  <testcase classname="Test_Fax_NumberCountrywithArea.UnitedState001" name="FAXnumberMassachusetts" time="14.869"/>
  <system-out>
    <![CDATA[ Field of FAx Number check Box Of Massachusetts 
checkBox is cotaining More Than 1 field of FAx Number ]]>
  </system-out>
  <testcase classname="Test_Fax_NumberCountrywithArea.UnitedState001" name="FAXnumberMichigan" time="14.766"/>
  <system-out>
    <![CDATA[ Field of FAx Number check Box Of Michigan 
checkBox is cotaining More Than 1 field of FAx Number ]]>
  </system-out>
  <testcase classname="Test_Fax_NumberCountrywithArea.UnitedState001" name="FAXnumberMinnesota" time="14.789"/>
  <system-out>
    <![CDATA[ Field of FAx Number check Box Of Minnesota 
checkBox is cotaining More Than 1 field of FAx Number ]]>
  </system-out>
</testsuite> <!-- Test_Fax_NumberCountrywithArea.UnitedState001 -->
