<?xml version="1.0" encoding="UTF-8"?>
<!-- Generated by org.testng.reporters.JUnitReportReporter -->
<testsuite hostname="PC177" failures="0" tests="6" name="TestPricing.TestPricing_001" time="50.184" errors="0" timestamp="2023-01-02T18:58:16 IST" skipped="0">
  <testcase classname="TestPricing.TestPricing_001" name="test" time="6.608"/>
  <system-out/>
  <testcase classname="TestPricing.TestPricing_001" name="test1" time="9.119"/>
  <system-out/>
  <testcase classname="TestPricing.TestPricing_001" name="editeemail" time="8.411"/>
  <system-out/>
  <testcase classname="TestPricing.TestPricing_001" name="editenumber" time="6.203"/>
  <system-out/>
  <testcase classname="TestPricing.TestPricing_001" name="editepass" time="10.495"/>
  <system-out/>
  <testcase classname="TestPricing.TestPricing_001" name="twostepverification" time="9.348"/>
  <system-out/>
</testsuite> <!-- TestPricing.TestPricing_001 -->
