<?xml version="1.0" encoding="UTF-8"?>
<!-- Generated by org.testng.reporters.JUnitReportReporter -->
<testsuite hostname="PC177" failures="0" tests="1" name="TestInbox.TestInbox_001" time="10.744" errors="0" timestamp="2022-12-30T14:52:42 IST" skipped="0">
  <testcase classname="TestInbox.TestInbox_001" name="test" time="10.744"/>
  <system-out/>
</testsuite> <!-- TestInbox.TestInbox_001 -->
