<?xml version="1.0" encoding="UTF-8"?>
<!-- Generated by org.testng.reporters.JUnitReportReporter -->
<testsuite hostname="PC177" failures="0" tests="14" name="TestCasesHome.Test_Verify_Modole" time="54.257" errors="0" timestamp="2023-01-02T11:26:07 IST" skipped="0">
  <testcase classname="TestCasesHome.Test_Verify_Modole" name="homemode_l" time="3.631"/>
  <system-out/>
  <testcase classname="TestCasesHome.Test_Verify_Modole" name="homemode_2" time="3.645"/>
  <system-out/>
  <testcase classname="TestCasesHome.Test_Verify_Modole" name="homemodel_3" time="3.617"/>
  <system-out/>
  <testcase classname="TestCasesHome.Test_Verify_Modole" name="homemodel_4" time="3.588"/>
  <system-out/>
  <testcase classname="TestCasesHome.Test_Verify_Modole" name="homemodel_5" time="3.671"/>
  <system-out/>
  <testcase classname="TestCasesHome.Test_Verify_Modole" name="homemodel_6" time="3.677"/>
  <system-out/>
  <testcase classname="TestCasesHome.Test_Verify_Modole" name="homemodel_7" time="3.619"/>
  <system-out/>
  <testcase classname="TestCasesHome.Test_Verify_Modole" name="homemodel_8" time="3.626"/>
  <system-out/>
  <testcase classname="TestCasesHome.Test_Verify_Modole" name="homemodel_10" time="4.647"/>
  <system-out/>
  <testcase classname="TestCasesHome.Test_Verify_Modole" name="homemodel_11" time="3.600"/>
  <system-out/>
  <testcase classname="TestCasesHome.Test_Verify_Modole" name="homemodel_12" time="3.767"/>
  <system-out/>
  <testcase classname="TestCasesHome.Test_Verify_Modole" name="homemodel_13" time="3.668"/>
  <system-out/>
  <testcase classname="TestCasesHome.Test_Verify_Modole" name="homemodel_14" time="5.227"/>
  <system-out/>
  <testcase classname="TestCasesHome.Test_Verify_Modole" name="homemodel_15" time="4.274"/>
  <system-out/>
</testsuite> <!-- TestCasesHome.Test_Verify_Modole -->
