<?xml version="1.0" encoding="UTF-8"?>
<!-- Generated by org.testng.reporters.JUnitReportReporter -->
<testsuite hostname="PC177" failures="0" tests="8" name="TestTemplet.Test_Fax_Templet_D" time="15.547" errors="0" timestamp="2022-12-30T14:52:42 IST" skipped="0">
  <testcase classname="TestTemplet.Test_Fax_Templet_D" name="Templet_D_SelectCountry" time="3.061"/>
  <system-out/>
  <testcase classname="TestTemplet.Test_Fax_Templet_D" name="To_TEXT_D" time="1.881"/>
  <system-out>
    <![CDATA[Form Control Name is clickable and Displayed ]]>
  </system-out>
  <testcase classname="TestTemplet.Test_Fax_Templet_D" name="FormFax_TextD" time="2.062"/>
  <system-out/>
  <testcase classname="TestTemplet.Test_Fax_Templet_D" name="Subject_TextD" time="2.229"/>
  <system-out/>
  <testcase classname="TestTemplet.Test_Fax_Templet_D" name="Urgent_chechBoxD" time="1.588"/>
  <system-out/>
  <testcase classname="TestTemplet.Test_Fax_Templet_D" name="PeaseReply_chechBoxD" time="1.590"/>
  <system-out/>
  <testcase classname="TestTemplet.Test_Fax_Templet_D" name="ForReview_chechBoxD" time="1.579"/>
  <system-out/>
  <testcase classname="TestTemplet.Test_Fax_Templet_D" name="please_Comment_chechBoxD" time="1.557"/>
  <system-out/>
</testsuite> <!-- TestTemplet.Test_Fax_Templet_D -->
