<?xml version="1.0" encoding="UTF-8"?>
<!-- Generated by org.testng.reporters.JUnitReportReporter -->
<testsuite hostname="PC177" failures="0" tests="2" name="Scenarios.DownGrade" time="47.703" errors="0" timestamp="2022-12-29T18:15:45 IST" skipped="0">
  <testcase classname="Scenarios.DownGrade" name="upgrade" time="15.458"/>
  <system-out/>
  <testcase classname="Scenarios.DownGrade" name="upgradtoProfisional" time="32.245"/>
  <system-out/>
</testsuite> <!-- Scenarios.DownGrade -->
