<?xml version="1.0" encoding="UTF-8"?>
<!-- Generated by org.testng.reporters.JUnitReportReporter -->
<testsuite hostname="PC177" failures="0" tests="1" name="TestTemplet.HomePageTest" time="6.679" errors="0" timestamp="2022-12-30T14:52:42 IST" skipped="0">
  <testcase classname="TestTemplet.HomePageTest" name="HomepageTitle" time="6.679"/>
  <system-out/>
</testsuite> <!-- TestTemplet.HomePageTest -->
