<?xml version="1.0" encoding="UTF-8"?>
<!-- Generated by org.testng.reporters.JUnitReportReporter -->
<testsuite hostname="PC177" failures="0" tests="7" name="TestDone.TestDone_001" time="48.451" errors="0" timestamp="2022-12-15T16:19:17 IST" skipped="1">
  <testcase classname="TestDone.TestDone_001" name="Mail" time="5.828"/>
  <system-out/>
  <testcase classname="TestDone.TestDone_001" name="AnyDirection" time="3.575"/>
  <system-out/>
  <testcase classname="TestDone.TestDone_001" name="AnyStatus" time="4.586"/>
  <system-out/>
  <testcase classname="TestDone.TestDone_001" name="AnyTime" time="5.575"/>
  <system-out/>
  <testcase classname="TestDone.TestDone_001" name="listAnyMedium" time="17.081"/>
  <system-out/>
  <testcase classname="TestDone.TestDone_001" name="listAnyDirection" time="11.806"/>
  <system-out/>
  <testcase classname="TestDone.TestDone_001" name="test">
    <skipped/>
  </testcase> <!-- test -->
  <system-out/>
</testsuite> <!-- TestDone.TestDone_001 -->
